Enter AWS profile [default]: [2024-10-28 19:02:30] 📋 SageMaker Instance Configuration
[2024-10-28 19:02:40] Using AWS profile: default
Enter AWS region [eu-west-1]: [2024-10-28 19:02:45] 📋 SageMaker Instance Configuration
Enter AWS profile [default]: [2024-10-28 19:02:50] Using AWS profile: saml
Enter AWS region [eu-west-1]: [2024-10-28 19:02:53] Using AWS region: eu-west-1
./setup_sagemaker.sh: line 28: $3: unbound variable
[2024-10-28 19:03:41] 📋 SageMaker Instance Configuration
Enter AWS profile [default]: [2024-10-28 19:03:44] Using AWS profile: saml
Enter AWS region [eu-west-1]: [2024-10-28 19:03:47] Using AWS region: eu-west-1
./setup_sagemaker.sh: line 28: $3: unbound variable
[2024-10-28 19:03:59] 📋 SageMaker Instance Configuration
Enter AWS profile [default]: [2024-10-28 19:04:03] Using AWS profile: saml
Enter AWS region [eu-west-1]: [2024-10-28 19:04:06] Using AWS region: eu-west-1
Enter Timezone [UTC]: [2024-10-28 19:04:35] Using timezone: UTC+1
Enter start hour (24h format) [8]: Enter start minute [0]: [2024-10-28 19:04:39] Start time set to: 8:0
Enter end hour (24h format) [19]: Enter end minute [30]: [2024-10-28 19:04:40] End time set to: 19:30
Enter idle time in seconds [5400]: [2024-10-28 19:04:44] Idle time set to: 5400 seconds
Enter SageMaker instance type [ml.t3.large]: 
usage: aws [options] <command> <subcommand> [<subcommand> ...] [parameters]
To see help text, you can run:

  aws help
  aws <command> help
  aws <command> <subcommand> help

aws: error: argument operation: Invalid choice, valid choices are:

add-association                          | add-tags                                
associate-trial-component                | batch-describe-model-package            
create-action                            | create-algorithm                        
create-app                               | create-app-image-config                 
create-artifact                          | create-auto-ml-job                      
create-auto-ml-job-v2                    | create-cluster                          
create-code-repository                   | create-compilation-job                  
create-context                           | create-data-quality-job-definition      
create-device-fleet                      | create-domain                           
create-edge-deployment-plan              | create-edge-deployment-stage            
create-edge-packaging-job                | create-endpoint                         
create-endpoint-config                   | create-experiment                       
create-feature-group                     | create-flow-definition                  
create-hub                               | create-hub-content-reference            
create-human-task-ui                     | create-hyper-parameter-tuning-job       
create-image                             | create-image-version                    
create-inference-component               | create-inference-experiment             
create-inference-recommendations-job     | create-labeling-job                     
create-mlflow-tracking-server            | create-model                            
create-model-bias-job-definition         | create-model-card                       
create-model-card-export-job             | create-model-explainability-job-definition
create-model-package                     | create-model-package-group              
create-model-quality-job-definition      | create-monitoring-schedule              
create-notebook-instance                 | create-notebook-instance-lifecycle-config
create-optimization-job                  | create-pipeline                         
create-presigned-domain-url              | create-presigned-mlflow-tracking-server-url
create-presigned-notebook-instance-url   | create-processing-job                   
create-project                           | create-space                            
create-studio-lifecycle-config           | create-training-job                     
create-transform-job                     | create-trial                            
create-trial-component                   | create-user-profile                     
create-workforce                         | create-workteam                         
delete-action                            | delete-algorithm                        
delete-app                               | delete-app-image-config                 
delete-artifact                          | delete-association                      
delete-cluster                           | delete-code-repository                  
delete-compilation-job                   | delete-context                          
delete-data-quality-job-definition       | delete-device-fleet                     
delete-domain                            | delete-edge-deployment-plan             
delete-edge-deployment-stage             | delete-endpoint                         
delete-endpoint-config                   | delete-experiment                       
delete-feature-group                     | delete-flow-definition                  
delete-hub                               | delete-hub-content                      
delete-hub-content-reference             | delete-human-task-ui                    
delete-hyper-parameter-tuning-job        | delete-image                            
delete-image-version                     | delete-inference-component              
delete-inference-experiment              | delete-mlflow-tracking-server           
delete-model                             | delete-model-bias-job-definition        
delete-model-card                        | delete-model-explainability-job-definition
delete-model-package                     | delete-model-package-group              
delete-model-package-group-policy        | delete-model-quality-job-definition     
delete-monitoring-schedule               | delete-notebook-instance                
delete-notebook-instance-lifecycle-config | delete-optimization-job                 
delete-pipeline                          | delete-project                          
delete-space                             | delete-studio-lifecycle-config          
delete-tags                              | delete-trial                            
delete-trial-component                   | delete-user-profile                     
delete-workforce                         | delete-workteam                         
deregister-devices                       | describe-action                         
describe-algorithm                       | describe-app                            
describe-app-image-config                | describe-artifact                       
describe-auto-ml-job                     | describe-auto-ml-job-v2                 
describe-cluster                         | describe-cluster-node                   
describe-code-repository                 | describe-compilation-job                
describe-context                         | describe-data-quality-job-definition    
describe-device                          | describe-device-fleet                   
describe-domain                          | describe-edge-deployment-plan           
describe-edge-packaging-job              | describe-endpoint                       
describe-endpoint-config                 | describe-experiment                     
describe-feature-group                   | describe-feature-metadata               
describe-flow-definition                 | describe-hub                            
describe-hub-content                     | describe-human-task-ui                  
describe-hyper-parameter-tuning-job      | describe-image                          
describe-image-version                   | describe-inference-component            
describe-inference-experiment            | describe-inference-recommendations-job  
describe-labeling-job                    | describe-lineage-group                  
describe-mlflow-tracking-server          | describe-model                          
describe-model-bias-job-definition       | describe-model-card                     
describe-model-card-export-job           | describe-model-explainability-job-definition
describe-model-package                   | describe-model-package-group            
describe-model-quality-job-definition    | describe-monitoring-schedule            
describe-notebook-instance               | describe-notebook-instance-lifecycle-config
describe-optimization-job                | describe-pipeline                       
describe-pipeline-definition-for-execution | describe-pipeline-execution             
describe-processing-job                  | describe-project                        
describe-space                           | describe-studio-lifecycle-config        
describe-subscribed-workteam             | describe-training-job                   
describe-transform-job                   | describe-trial                          
describe-trial-component                 | describe-user-profile                   
describe-workforce                       | describe-workteam                       
disable-sagemaker-servicecatalog-portfolio | disassociate-trial-component            
enable-sagemaker-servicecatalog-portfolio | get-device-fleet-report                 
get-lineage-group-policy                 | get-model-package-group-policy          
get-sagemaker-servicecatalog-portfolio-status | get-scaling-configuration-recommendation
get-search-suggestions                   | import-hub-content                      
list-actions                             | list-algorithms                         
list-aliases                             | list-app-image-configs                  
list-apps                                | list-artifacts                          
list-associations                        | list-auto-ml-jobs                       
list-candidates-for-auto-ml-job          | list-cluster-nodes                      
list-clusters                            | list-code-repositories                  
list-compilation-jobs                    | list-contexts                           
list-data-quality-job-definitions        | list-device-fleets                      
list-devices                             | list-domains                            
list-edge-deployment-plans               | list-edge-packaging-jobs                
list-endpoint-configs                    | list-endpoints                          
list-experiments                         | list-feature-groups                     
list-flow-definitions                    | list-hub-content-versions               
list-hub-contents                        | list-hubs                               
list-human-task-uis                      | list-hyper-parameter-tuning-jobs        
list-image-versions                      | list-images                             
list-inference-components                | list-inference-experiments              
list-inference-recommendations-job-steps | list-inference-recommendations-jobs     
list-labeling-jobs                       | list-labeling-jobs-for-workteam         
list-lineage-groups                      | list-mlflow-tracking-servers            
list-model-bias-job-definitions          | list-model-card-export-jobs             
list-model-card-versions                 | list-model-cards                        
list-model-explainability-job-definitions | list-model-metadata                     
list-model-package-groups                | list-model-packages                     
list-model-quality-job-definitions       | list-models                             
list-monitoring-alert-history            | list-monitoring-alerts                  
list-monitoring-executions               | list-monitoring-schedules               
list-notebook-instance-lifecycle-configs | list-notebook-instances                 
list-optimization-jobs                   | list-pipeline-execution-steps           
list-pipeline-executions                 | list-pipeline-parameters-for-execution  
list-pipelines                           | list-processing-jobs                    
list-projects                            | list-resource-catalogs                  
list-spaces                              | list-stage-devices                      
list-studio-lifecycle-configs            | list-subscribed-workteams               
list-tags                                | list-training-jobs                      
list-training-jobs-for-hyper-parameter-tuning-job | list-transform-jobs                     
list-trial-components                    | list-trials                             
list-user-profiles                       | list-workforces                         
list-workteams                           | put-model-package-group-policy          
query-lineage                            | register-devices                        
render-ui-template                       | retry-pipeline-execution                
search                                   | send-pipeline-execution-step-failure    
send-pipeline-execution-step-success     | start-edge-deployment-stage             
start-inference-experiment               | start-mlflow-tracking-server            
start-monitoring-schedule                | start-notebook-instance                 
start-pipeline-execution                 | stop-auto-ml-job                        
stop-compilation-job                     | stop-edge-deployment-stage              
stop-edge-packaging-job                  | stop-hyper-parameter-tuning-job         
stop-inference-experiment                | stop-inference-recommendations-job      
stop-labeling-job                        | stop-mlflow-tracking-server             
stop-monitoring-schedule                 | stop-notebook-instance                  
stop-optimization-job                    | stop-pipeline-execution                 
stop-processing-job                      | stop-training-job                       
stop-transform-job                       | update-action                           
update-app-image-config                  | update-artifact                         
update-cluster                           | update-cluster-software                 
update-code-repository                   | update-context                          
update-device-fleet                      | update-devices                          
update-domain                            | update-endpoint                         
update-endpoint-weights-and-capacities   | update-experiment                       
update-feature-group                     | update-feature-metadata                 
update-hub                               | update-image                            
update-image-version                     | update-inference-component              
update-inference-component-runtime-config | update-inference-experiment             
update-mlflow-tracking-server            | update-model-card                       
update-model-package                     | update-monitoring-alert                 
update-monitoring-schedule               | update-notebook-instance                
update-notebook-instance-lifecycle-config | update-pipeline                         
update-pipeline-execution                | update-project                          
update-space                             | update-training-job                     
update-trial                             | update-trial-component                  
update-user-profile                      | update-workforce                        
update-workteam                          | wait                                    
help                                    

Enter SageMaker instance type [ml.t3.large]: [2024-10-28 19:05:14] 📋 SageMaker Instance Configuration
Enter AWS profile [default]: [2024-10-28 19:05:18] Using AWS profile: saml
Enter AWS region [eu-west-1]: [2024-10-28 19:05:21] Using AWS region: eu-west-1
Enter Timezone [UTC]: [2024-10-28 19:05:26] Using timezone: UTC+1
Enter start hour (24h format) [8]: Enter start minute [0]: [2024-10-28 19:05:28] Start time set to: 8:0
Enter end hour (24h format) [19]: Enter end minute [30]: [2024-10-28 19:05:30] End time set to: 19:30
Enter idle time in seconds [5400]: [2024-10-28 19:05:31] Idle time set to: 5400 seconds
Enter SageMaker instance type [ml.t3.large]: 
usage: aws [options] <command> <subcommand> [<subcommand> ...] [parameters]
To see help text, you can run:

  aws help
  aws <command> help
  aws <command> <subcommand> help

aws: error: argument operation: Invalid choice, valid choices are:

add-association                          | add-tags                                
associate-trial-component                | batch-describe-model-package            
create-action                            | create-algorithm                        
create-app                               | create-app-image-config                 
create-artifact                          | create-auto-ml-job                      
create-auto-ml-job-v2                    | create-cluster                          
create-code-repository                   | create-compilation-job                  
create-context                           | create-data-quality-job-definition      
create-device-fleet                      | create-domain                           
create-edge-deployment-plan              | create-edge-deployment-stage            
create-edge-packaging-job                | create-endpoint                         
create-endpoint-config                   | create-experiment                       
create-feature-group                     | create-flow-definition                  
create-hub                               | create-hub-content-reference            
create-human-task-ui                     | create-hyper-parameter-tuning-job       
create-image                             | create-image-version                    
create-inference-component               | create-inference-experiment             
create-inference-recommendations-job     | create-labeling-job                     
create-mlflow-tracking-server            | create-model                            
create-model-bias-job-definition         | create-model-card                       
create-model-card-export-job             | create-model-explainability-job-definition
create-model-package                     | create-model-package-group              
create-model-quality-job-definition      | create-monitoring-schedule              
create-notebook-instance                 | create-notebook-instance-lifecycle-config
create-optimization-job                  | create-pipeline                         
create-presigned-domain-url              | create-presigned-mlflow-tracking-server-url
create-presigned-notebook-instance-url   | create-processing-job                   
create-project                           | create-space                            
create-studio-lifecycle-config           | create-training-job                     
create-transform-job                     | create-trial                            
create-trial-component                   | create-user-profile                     
create-workforce                         | create-workteam                         
delete-action                            | delete-algorithm                        
delete-app                               | delete-app-image-config                 
delete-artifact                          | delete-association                      
delete-cluster                           | delete-code-repository                  
delete-compilation-job                   | delete-context                          
delete-data-quality-job-definition       | delete-device-fleet                     
delete-domain                            | delete-edge-deployment-plan             
delete-edge-deployment-stage             | delete-endpoint                         
delete-endpoint-config                   | delete-experiment                       
delete-feature-group                     | delete-flow-definition                  
delete-hub                               | delete-hub-content                      
delete-hub-content-reference             | delete-human-task-ui                    
delete-hyper-parameter-tuning-job        | delete-image                            
delete-image-version                     | delete-inference-component              
delete-inference-experiment              | delete-mlflow-tracking-server           
delete-model                             | delete-model-bias-job-definition        
delete-model-card                        | delete-model-explainability-job-definition
delete-model-package                     | delete-model-package-group              
delete-model-package-group-policy        | delete-model-quality-job-definition     
delete-monitoring-schedule               | delete-notebook-instance                
delete-notebook-instance-lifecycle-config | delete-optimization-job                 
delete-pipeline                          | delete-project                          
delete-space                             | delete-studio-lifecycle-config          
delete-tags                              | delete-trial                            
delete-trial-component                   | delete-user-profile                     
delete-workforce                         | delete-workteam                         
deregister-devices                       | describe-action                         
describe-algorithm                       | describe-app                            
describe-app-image-config                | describe-artifact                       
describe-auto-ml-job                     | describe-auto-ml-job-v2                 
describe-cluster                         | describe-cluster-node                   
describe-code-repository                 | describe-compilation-job                
describe-context                         | describe-data-quality-job-definition    
describe-device                          | describe-device-fleet                   
describe-domain                          | describe-edge-deployment-plan           
describe-edge-packaging-job              | describe-endpoint                       
describe-endpoint-config                 | describe-experiment                     
describe-feature-group                   | describe-feature-metadata               
describe-flow-definition                 | describe-hub                            
describe-hub-content                     | describe-human-task-ui                  
describe-hyper-parameter-tuning-job      | describe-image                          
describe-image-version                   | describe-inference-component            
describe-inference-experiment            | describe-inference-recommendations-job  
describe-labeling-job                    | describe-lineage-group                  
describe-mlflow-tracking-server          | describe-model                          
describe-model-bias-job-definition       | describe-model-card                     
describe-model-card-export-job           | describe-model-explainability-job-definition
describe-model-package                   | describe-model-package-group            
describe-model-quality-job-definition    | describe-monitoring-schedule            
describe-notebook-instance               | describe-notebook-instance-lifecycle-config
describe-optimization-job                | describe-pipeline                       
describe-pipeline-definition-for-execution | describe-pipeline-execution             
describe-processing-job                  | describe-project                        
describe-space                           | describe-studio-lifecycle-config        
describe-subscribed-workteam             | describe-training-job                   
describe-transform-job                   | describe-trial                          
describe-trial-component                 | describe-user-profile                   
describe-workforce                       | describe-workteam                       
disable-sagemaker-servicecatalog-portfolio | disassociate-trial-component            
enable-sagemaker-servicecatalog-portfolio | get-device-fleet-report                 
get-lineage-group-policy                 | get-model-package-group-policy          
get-sagemaker-servicecatalog-portfolio-status | get-scaling-configuration-recommendation
get-search-suggestions                   | import-hub-content                      
list-actions                             | list-algorithms                         
list-aliases                             | list-app-image-configs                  
list-apps                                | list-artifacts                          
list-associations                        | list-auto-ml-jobs                       
list-candidates-for-auto-ml-job          | list-cluster-nodes                      
list-clusters                            | list-code-repositories                  
list-compilation-jobs                    | list-contexts                           
list-data-quality-job-definitions        | list-device-fleets                      
list-devices                             | list-domains                            
list-edge-deployment-plans               | list-edge-packaging-jobs                
list-endpoint-configs                    | list-endpoints                          
list-experiments                         | list-feature-groups                     
list-flow-definitions                    | list-hub-content-versions               
list-hub-contents                        | list-hubs                               
list-human-task-uis                      | list-hyper-parameter-tuning-jobs        
list-image-versions                      | list-images                             
list-inference-components                | list-inference-experiments              
list-inference-recommendations-job-steps | list-inference-recommendations-jobs     
list-labeling-jobs                       | list-labeling-jobs-for-workteam         
list-lineage-groups                      | list-mlflow-tracking-servers            
list-model-bias-job-definitions          | list-model-card-export-jobs             
list-model-card-versions                 | list-model-cards                        
list-model-explainability-job-definitions | list-model-metadata                     
list-model-package-groups                | list-model-packages                     
list-model-quality-job-definitions       | list-models                             
list-monitoring-alert-history            | list-monitoring-alerts                  
list-monitoring-executions               | list-monitoring-schedules               
list-notebook-instance-lifecycle-configs | list-notebook-instances                 
list-optimization-jobs                   | list-pipeline-execution-steps           
list-pipeline-executions                 | list-pipeline-parameters-for-execution  
list-pipelines                           | list-processing-jobs                    
list-projects                            | list-resource-catalogs                  
list-spaces                              | list-stage-devices                      
list-studio-lifecycle-configs            | list-subscribed-workteams               
list-tags                                | list-training-jobs                      
list-training-jobs-for-hyper-parameter-tuning-job | list-transform-jobs                     
list-trial-components                    | list-trials                             
list-user-profiles                       | list-workforces                         
list-workteams                           | put-model-package-group-policy          
query-lineage                            | register-devices                        
render-ui-template                       | retry-pipeline-execution                
search                                   | send-pipeline-execution-step-failure    
send-pipeline-execution-step-success     | start-edge-deployment-stage             
start-inference-experiment               | start-mlflow-tracking-server            
start-monitoring-schedule                | start-notebook-instance                 
start-pipeline-execution                 | stop-auto-ml-job                        
stop-compilation-job                     | stop-edge-deployment-stage              
stop-edge-packaging-job                  | stop-hyper-parameter-tuning-job         
stop-inference-experiment                | stop-inference-recommendations-job      
stop-labeling-job                        | stop-mlflow-tracking-server             
stop-monitoring-schedule                 | stop-notebook-instance                  
stop-optimization-job                    | stop-pipeline-execution                 
stop-processing-job                      | stop-training-job                       
stop-transform-job                       | update-action                           
update-app-image-config                  | update-artifact                         
update-cluster                           | update-cluster-software                 
update-code-repository                   | update-context                          
update-device-fleet                      | update-devices                          
update-domain                            | update-endpoint                         
update-endpoint-weights-and-capacities   | update-experiment                       
update-feature-group                     | update-feature-metadata                 
update-hub                               | update-image                            
update-image-version                     | update-inference-component              
update-inference-component-runtime-config | update-inference-experiment             
update-mlflow-tracking-server            | update-model-card                       
update-model-package                     | update-monitoring-alert                 
update-monitoring-schedule               | update-notebook-instance                
update-notebook-instance-lifecycle-config | update-pipeline                         
update-pipeline-execution                | update-project                          
update-space                             | update-training-job                     
update-trial                             | update-trial-component                  
update-user-profile                      | update-workforce                        
update-workteam                          | wait                                    
help                                    


Invalid choice: 'list-notebook-instance-types', maybe you meant:

  * list-notebook-instances
  * stop-notebook-instance

Enter SageMaker instance type [ml.t3.large]: [2024-10-28 19:05:51] 📋 SageMaker Instance Configuration
Enter AWS profile [default]: [2024-10-28 19:06:04] Using AWS profile: saml
Enter AWS region [eu-west-1]: [2024-10-28 19:06:06] Using AWS region: eu-west-1
Enter Timezone [UTC]: [2024-10-28 19:06:10] Using timezone: UTC+!
Enter start hour (24h format) [8]: Enter start minute [0]: [2024-10-28 19:06:16] Start time set to: 8:0
Enter end hour (24h format) [19]: Enter end minute [30]: [2024-10-28 19:06:18] End time set to: 19:30
Enter idle time in seconds [5400]: [2024-10-28 19:06:19] Idle time set to: 5400 seconds
Enter SageMaker instance type [ml.t3.large]: Enter SageMaker instance type [ml.t3.large]: Enter SageMaker instance type [ml.t3.large]: Enter SageMaker instance type [ml.t3.large]: [2024-10-28 19:06:42] 📋 SageMaker Instance Configuration
Enter AWS profile [default]: [2024-10-28 19:06:46] Using AWS profile: saml
Enter AWS region [eu-west-1]: Enter AWS region [eu-west-1]: Enter AWS region [eu-west-1]: [2024-10-28 19:07:11] 📋 SageMaker Instance Configuration
Enter AWS profile [default]: Enter AWS profile [default]: Enter AWS profile [default]: [2024-10-28 19:07:27] 📋 SageMaker Instance Configuration
Enter AWS profile [default]: Enter AWS profile [default]: Enter AWS profile [default]: Enter AWS profile [default]: [2024-10-28 19:07:53] 📋 SageMaker Instance Configuration
Enter AWS profile [default]: Enter AWS profile [default]: Enter AWS profile [default]: Enter AWS profile [default]: [2024-10-28 19:10:05] 📋 SageMaker Instance Configuration
Enter AWS profile [default]: Enter AWS profile [default]: [2024-10-28 19:10:12] Using AWS profile: Invalid profile 'werwer'
Available profiles:
- saml
- scenario
- default
- AWSAdministratorAccess-127166862509
- eb-cli
Type 'q' to quit
[2024-10-28 19:10:10] Invalid input. Please try again.
default
Enter AWS region [eu-west-1]: Enter AWS region [eu-west-1]: [2024-10-28 19:12:27] 📋 SageMaker Instance Configuration
Enter AWS profile [default]: Enter AWS profile [default]: [2024-10-28 19:12:35] Using AWS profile: Invalid profile 'w'
Available profiles:
- saml
- scenario
- default
- AWSAdministratorAccess-127166862509
- eb-cli
Type 'q' to quit
[2024-10-28 19:12:31] Invalid input. Please try again.
saml
Enter AWS region [eu-west-1]: Enter AWS region [eu-west-1]: Enter AWS region [eu-west-1]: Enter AWS region [eu-west-1]: ./setup_sagemaker.sh: line 61: conditional binary operator expected
./setup_sagemaker.sh: line 61: conditional binary operator expected
[2024-10-28 19:25:21] 📋 Starting SageMaker setup...
[2024-10-28 19:25:21] 🔍 Checking for required tools...
[2024-10-28 19:25:21] ✅ All required tools are installed.
[2024-10-28 19:25:21] 📄 Loading configuration...
[2024-10-28 19:25:21] ✅ Configuration loaded successfully.
Enter AWS profile [default]: Enter AWS profile [default]: Enter AWS region [eu-west-1]: Enter AWS region [eu-west-1]: Enter SageMaker instance type [ml.t3.large]: Enter SageMaker instance type [ml.t3.large]: Enter SageMaker instance type [ml.t3.large]: Enter SageMaker instance type [ml.t3.large]: Enter SageMaker instance type [ml.t3.large]: Enter SageMaker instance type [ml.t3.large]: Enter SageMaker instance type [ml.t3.large]: Enter SageMaker instance type [ml.t3.large]: Enter SageMaker instance type [ml.t3.large]: Enter SageMaker instance type [ml.t3.large]: [2024-10-28 19:25:58] 📋 Starting SageMaker setup...
[2024-10-28 19:25:58] 🔍 Checking for required tools...
[2024-10-28 19:25:58] ✅ All required tools are installed.
[2024-10-28 19:25:58] 📄 Loading configuration...
[2024-10-28 19:25:58] ✅ Configuration loaded successfully.
Enter AWS profile [default]: Enter AWS profile [default]: Enter AWS region [eu-west-1]: Enter AWS region [eu-west-1]: Enter SageMaker instance type [ml.t3.large]: Enter SageMaker instance type [ml.t3.large]: Invalid instance type. Valid options are:
Invalid instance type. Valid options are:
- ml.t3.medium
- ml.t3.large
- ml.t3.xlarge
- ml.t3.2xlarge
- ml.m5.large
- ml.m5.xlarge
- ml.m5.2xlarge
- ml.c5.large
- ml.c5.xlarge
- ml.c5.2xlarge
- ml.t3.medium
- ml.t3.large
- ml.t3.xlarge
- ml.t3.2xlarge
- ml.m5.large
- ml.m5.xlarge
- ml.m5.2xlarge
- ml.c5.large
- ml.c5.xlarge
- ml.c5.2xlarge
Enter SageMaker instance type [ml.t3.large]: Enter SageMaker instance type [ml.t3.large]: Invalid instance type. Valid options are:
Invalid instance type. Valid options are:
- ml.t3.medium
- ml.t3.large
- ml.t3.xlarge
- ml.t3.2xlarge
- ml.m5.large
- ml.m5.xlarge
- ml.m5.2xlarge
- ml.c5.large
- ml.c5.xlarge
- ml.c5.2xlarge
- ml.t3.medium
- ml.t3.large
- ml.t3.xlarge
- ml.t3.2xlarge
- ml.m5.large
- ml.m5.xlarge
- ml.m5.2xlarge
- ml.c5.large
- ml.c5.xlarge
- ml.c5.2xlarge
Enter SageMaker instance type [ml.t3.large]: Enter SageMaker instance type [ml.t3.large]: [2024-10-28 19:26:28] 📋 Starting SageMaker setup...
[2024-10-28 19:26:28] 🔍 Checking for required tools...
[2024-10-28 19:26:28] ✅ All required tools are installed.
[2024-10-28 19:26:28] 📄 Loading configuration...
[2024-10-28 19:26:28] ✅ Configuration loaded successfully.
Enter AWS profile [default]: Enter AWS profile [default]: Enter AWS region [eu-west-1]: Enter AWS region [eu-west-1]: Enter SageMaker instance type [ml.t3.large]: Enter SageMaker instance type [ml.t3.large]: Invalid instance type. Valid options are:
Invalid instance type. Valid options are:
- ml.t3.medium
- ml.t3.large
- ml.t3.xlarge
- ml.t3.2xlarge
- ml.m5.large
- ml.m5.xlarge
- ml.m5.2xlarge
- ml.c5.large
- ml.c5.xlarge
- ml.c5.2xlarge
- ml.t3.medium
- ml.t3.large
- ml.t3.xlarge
- ml.t3.2xlarge
- ml.m5.large
- ml.m5.xlarge
- ml.m5.2xlarge
- ml.c5.large
- ml.c5.xlarge
- ml.c5.2xlarge
Enter SageMaker instance type [ml.t3.large]: Enter SageMaker instance type [ml.t3.large]: [2024-10-28 19:26:50] 📋 Starting SageMaker setup...
[2024-10-28 19:26:50] 🔍 Checking for required tools...
[2024-10-28 19:26:50] ✅ All required tools are installed.
[2024-10-28 19:26:50] 📄 Loading configuration...
[2024-10-28 19:26:50] ✅ Configuration loaded successfully.
Enter AWS profile [default]: Enter AWS profile [default]: Enter AWS region [eu-west-1]: Enter AWS region [eu-west-1]: Enter SageMaker instance type [ml.t3.large]: Enter SageMaker instance type [ml.t3.large]: Invalid instance type. Valid options are:
Invalid instance type. Valid options are:
- ml.t3.medium
- ml.t3.large
- ml.t3.xlarge
- ml.t3.2xlarge
- ml.m5.large
- ml.m5.xlarge
- ml.m5.2xlarge
- ml.c5.large
- ml.c5.xlarge
- ml.c5.2xlarge
- ml.t3.medium
- ml.t3.large
- ml.t3.xlarge
- ml.t3.2xlarge
- ml.m5.large
- ml.m5.xlarge
- ml.m5.2xlarge
- ml.c5.large
- ml.c5.xlarge
- ml.c5.2xlarge
Enter SageMaker instance type [ml.t3.large]: Enter SageMaker instance type [ml.t3.large]: Invalid instance type. Valid options are:
Invalid instance type. Valid options are:
- ml.t3.medium
- ml.t3.large
- ml.t3.xlarge
- ml.t3.2xlarge
- ml.m5.large
- ml.m5.xlarge
- ml.m5.2xlarge
- ml.c5.large
- ml.c5.xlarge
- ml.c5.2xlarge
- ml.t3.medium
- ml.t3.large
- ml.t3.xlarge
- ml.t3.2xlarge
- ml.m5.large
- ml.m5.xlarge
- ml.m5.2xlarge
- ml.c5.large
- ml.c5.xlarge
- ml.c5.2xlarge
Enter SageMaker instance type [ml.t3.large]: Enter SageMaker instance type [ml.t3.large]: Invalid instance type. Valid options are:
Invalid instance type. Valid options are:
- ml.t3.medium
- ml.t3.large
- ml.t3.xlarge
- ml.t3.2xlarge
- ml.m5.large
- ml.m5.xlarge
- ml.m5.2xlarge
- ml.c5.large
- ml.c5.xlarge
- ml.c5.2xlarge
- ml.t3.medium
- ml.t3.large
- ml.t3.xlarge
- ml.t3.2xlarge
- ml.m5.large
- ml.m5.xlarge
- ml.m5.2xlarge
- ml.c5.large
- ml.c5.xlarge
- ml.c5.2xlarge
Enter SageMaker instance type [ml.t3.large]: Enter SageMaker instance type [ml.t3.large]: [2024-10-29 09:38:59] 📋 Starting SageMaker setup...
[2024-10-29 09:38:59] 🔍 Checking for required tools...
[2024-10-29 09:38:59] ✅ All required tools are installed.
[2024-10-29 09:38:59] 📄 Loading configuration...
[2024-10-29 09:38:59] ✅ Configuration loaded successfully.
Enter AWS profile [default]: Enter AWS profile [default]: Enter AWS region [eu-west-1]: Enter AWS region [eu-west-1]: Enter SageMaker instance type [ml.t3.large]: Enter SageMaker instance type [ml.t3.large]: Enter Timezone [UTC]: Enter Timezone [UTC]: Enter start hour (24h format) [8]: Enter start hour (24h format) [8]: Enter start minute [0]: Enter start minute [0]: Enter end hour (24h format) [19]: Enter end hour (24h format) [19]: Enter end minute [30]: Enter end minute [30]: ./setup_sagemaker.sh: line 54: $3: unbound variable
./setup_sagemaker.sh: line 54: $3: unbound variable
[2024-10-29 09:40:04] 📋 Starting SageMaker setup...
[2024-10-29 09:40:04] 🔍 Checking for required tools...
[2024-10-29 09:40:04] ✅ All required tools are installed.
[2024-10-29 09:40:04] 📄 Loading configuration...
[2024-10-29 09:40:04] ✅ Configuration loaded successfully.
Enter AWS profile [default]: Enter AWS profile [default]: [2024-10-29 09:40:07] 📋 Starting SageMaker setup...
[2024-10-29 09:40:07] 🔍 Checking for required tools...
[2024-10-29 09:40:07] ✅ All required tools are installed.
[2024-10-29 09:40:07] 📄 Loading configuration...
[2024-10-29 09:40:07] ✅ Configuration loaded successfully.
Enter AWS profile [default]: Enter AWS profile [default]: Enter AWS region [eu-west-1]: Enter AWS region [eu-west-1]: Enter SageMaker instance type [ml.t3.large]: Enter SageMaker instance type [ml.t3.large]: Enter Timezone [UTC]: Enter Timezone [UTC]: Enter start hour (24h format) [8]: Enter start hour (24h format) [8]: Enter start minute [0]: Enter start minute [0]: Enter end hour (24h format) [19]: Enter end hour (24h format) [19]: Enter end minute [30]: Enter end minute [30]: ./setup_sagemaker.sh: line 54: $3: unbound variable
./setup_sagemaker.sh: line 54: $3: unbound variable
[2024-10-29 09:41:39] 📋 Starting SageMaker setup...
[2024-10-29 09:41:39] 🔍 Checking for required tools...
[2024-10-29 09:41:39] ✅ All required tools are installed.
[2024-10-29 09:41:39] 📄 Loading configuration...
[2024-10-29 09:41:39] ✅ Configuration loaded successfully.
Enter AWS profile [default]: Enter AWS profile [default]: Enter AWS region [eu-west-1]: Enter AWS region [eu-west-1]: Enter SageMaker instance type [ml.t3.large]: Enter SageMaker instance type [ml.t3.large]: Enter Timezone [UTC]: Enter Timezone [UTC]: Enter start hour (24h format) [8]: Enter start hour (24h format) [8]: Enter start minute [0]: Enter start minute [0]: Enter end hour (24h format) [19]: Enter end hour (24h format) [19]: Enter end minute [30]: Enter end minute [30]: ./setup_sagemaker.sh: line 54: $3: unbound variable
./setup_sagemaker.sh: line 54: $3: unbound variable
[2024-10-29 09:42:05] 📋 Starting SageMaker setup...
[2024-10-29 09:42:05] 🔍 Checking for required tools...
[2024-10-29 09:42:05] ✅ All required tools are installed.
[2024-10-29 09:42:05] 📄 Loading configuration...
[2024-10-29 09:42:05] ✅ Configuration loaded successfully.
Enter AWS profile [default]: Enter AWS profile [default]: Enter AWS region [eu-west-1]: Enter AWS region [eu-west-1]: Enter SageMaker instance type [ml.t3.large]: Enter SageMaker instance type [ml.t3.large]: Enter Timezone [UTC]: Enter Timezone [UTC]: Enter start hour (24h format) [8]: Enter start hour (24h format) [8]: Enter start minute [0]: Enter start minute [0]: Enter end hour (24h format) [19]: Enter end hour (24h format) [19]: Enter end minute [30]: Enter end minute [30]: Enter idle time in seconds [5400]: Enter idle time in seconds [5400]: [2024-10-29 09:42:16] 🔧 Using AWS profile: default, region: eu-west-1, instance type: ml.t3.large
[2024-10-29 09:42:17] 🔑 Validating AWS credentials...
[2024-10-29 09:42:18] ✅ AWS credentials validated successfully.
[2024-10-29 09:42:18] 🔍 Finding available VPC and Subnet...
[2024-10-29 09:42:21] ✅ Found VPC: vpc-01aebffd925a88f9c, Subnet: subnet-0816ae818f15e80c5
[2024-10-29 09:42:21] 📄 Saving Terraform configuration...
[2024-10-29 09:42:21] ✅ Terraform configuration saved to /Users/vincent/Work/sagemaker_setup/terraform/terraform.tfvars
[2024-10-29 09:42:21] 🚀 Initializing and applying Terraform...
[0m[1mInitializing the backend...[0m
[0m[1mInitializing provider plugins...[0m
- Reusing previous version of hashicorp/aws from the dependency lock file
- Using previously-installed hashicorp/aws v5.73.0

[0m[1m[32mTerraform has been successfully initialized![0m[32m[0m
[0m[32m
You may now begin working with Terraform. Try running "terraform plan" to see
any changes that are required for your infrastructure. All Terraform commands
should now work.

If you ever set or change modules or backend configuration for Terraform,
rerun this command to reinitialize your working directory. If you forget, other
commands will detect it and remind you to do so if necessary.[0m
[33m╷[0m[0m
[33m│[0m [0m[1m[33mWarning: [0m[0m[1mValue for undeclared variable[0m
[33m│[0m [0m
[33m│[0m [0m[0mThe root module does not declare a variable named "start_minute" but a
[33m│[0m [0mvalue was found in file "terraform.tfvars". If you meant to use this value,
[33m│[0m [0madd a "variable" block to the configuration.
[33m│[0m [0m
[33m│[0m [0mTo silence these warnings, use TF_VAR_... environment variables to provide
[33m│[0m [0mcertain "global" settings to all configurations in your organization. To
[33m│[0m [0mreduce the verbosity of these warnings, use the -compact-warnings option.
[33m╵[0m[0m
[33m╷[0m[0m
[33m│[0m [0m[1m[33mWarning: [0m[0m[1mValue for undeclared variable[0m
[33m│[0m [0m
[33m│[0m [0m[0mThe root module does not declare a variable named "aws_profile" but a value
[33m│[0m [0mwas found in file "terraform.tfvars". If you meant to use this value, add a
[33m│[0m [0m"variable" block to the configuration.
[33m│[0m [0m
[33m│[0m [0mTo silence these warnings, use TF_VAR_... environment variables to provide
[33m│[0m [0mcertain "global" settings to all configurations in your organization. To
[33m│[0m [0mreduce the verbosity of these warnings, use the -compact-warnings option.
[33m╵[0m[0m
[33m╷[0m[0m
[33m│[0m [0m[1m[33mWarning: [0m[0m[1mValues for undeclared variables[0m
[33m│[0m [0m
[33m│[0m [0m[0mIn addition to the other similar warnings shown, 10 other variable(s)
[33m│[0m [0mdefined without being declared.
[33m╵[0m[0m
[31m╷[0m[0m
[31m│[0m [0m[1m[31mError: [0m[0m[1mReference to undeclared input variable[0m
[31m│[0m [0m
[31m│[0m [0m[0m  on main.tf line 2, in provider "aws":
[31m│[0m [0m   2:   profile = [4mvar.aws_profile[0m[0m
[31m│[0m [0m
[31m│[0m [0mAn input variable with the name "aws_profile" has not been declared. This
[31m│[0m [0mvariable can be declared with a variable "aws_profile" {} block.
[31m╵[0m[0m
[31m╷[0m[0m
[31m│[0m [0m[1m[31mError: [0m[0m[1mReference to undeclared input variable[0m
[31m│[0m [0m
[31m│[0m [0m[0m  on main.tf line 2, in provider "aws":
[31m│[0m [0m   2:   profile = [4mvar.aws_profile[0m[0m
[31m│[0m [0m
[31m│[0m [0mAn input variable with the name "aws_profile" has not been declared. This
[31m│[0m [0mvariable can be declared with a variable "aws_profile" {} block.
[31m╵[0m[0m
[31m╷[0m[0m
[31m│[0m [0m[1m[31mError: [0m[0m[1mReference to undeclared input variable[0m
[31m│[0m [0m
[31m│[0m [0m[0m  on main.tf line 3, in provider "aws":
[31m│[0m [0m   3:   region  = [4mvar.aws_region[0m[0m
[31m│[0m [0m
[31m│[0m [0mAn input variable with the name "aws_region" has not been declared. This
[31m│[0m [0mvariable can be declared with a variable "aws_region" {} block.
[31m╵[0m[0m
[31m╷[0m[0m
[31m│[0m [0m[1m[31mError: [0m[0m[1mReference to undeclared input variable[0m
[31m│[0m [0m
[31m│[0m [0m[0m  on main.tf line 3, in provider "aws":
[31m│[0m [0m   3:   region  = [4mvar.aws_region[0m[0m
[31m│[0m [0m
[31m│[0m [0mAn input variable with the name "aws_region" has not been declared. This
[31m│[0m [0mvariable can be declared with a variable "aws_region" {} block.
[31m╵[0m[0m
[2024-10-29 09:42:31] ❌ ERROR: ❌ Terraform apply failed.
[2024-10-29 09:43:10] 📋 Starting SageMaker setup...
[2024-10-29 09:43:10] 🔍 Checking for required tools...
[2024-10-29 09:43:10] ✅ All required tools are installed.
[2024-10-29 09:43:10] 📄 Loading configuration...
[2024-10-29 09:43:10] ✅ Configuration loaded successfully.
Enter AWS profile [default]: Enter AWS profile [default]: Enter AWS region [eu-west-1]: Enter AWS region [eu-west-1]: Enter SageMaker instance type [ml.t3.large]: Enter SageMaker instance type [ml.t3.large]: Enter Timezone [UTC]: Enter Timezone [UTC]: Enter start hour (24h format) [8]: Enter start hour (24h format) [8]: Enter start minute [0]: Enter start minute [0]: Enter end hour (24h format) [19]: Enter end hour (24h format) [19]: Enter end minute [30]: Enter end minute [30]: Enter idle time in seconds [5400]: Enter idle time in seconds [5400]: [2024-10-29 09:43:23] 🔧 Using AWS profile: saml, region: eu-west-1, instance type: ml.t3.large
[2024-10-29 09:43:23] 🔑 Validating AWS credentials...
[2024-10-29 09:43:25] ✅ AWS credentials validated successfully.
[2024-10-29 09:43:25] 🔍 Finding available VPC and Subnet...
[2024-10-29 09:43:28] ✅ Found VPC: vpc-01aebffd925a88f9c, Subnet: subnet-0816ae818f15e80c5
[2024-10-29 09:43:28] 📄 Saving Terraform configuration...
[2024-10-29 09:43:28] ✅ Terraform configuration saved to /Users/vincent/Work/sagemaker_setup/terraform/terraform.tfvars
[2024-10-29 09:43:28] 🚀 Initializing and applying Terraform...
[0m[1mInitializing the backend...[0m
[0m[1mInitializing provider plugins...[0m
- Reusing previous version of hashicorp/aws from the dependency lock file
- Using previously-installed hashicorp/aws v5.73.0

[0m[1m[32mTerraform has been successfully initialized![0m[32m[0m
[0m[32m
You may now begin working with Terraform. Try running "terraform plan" to see
any changes that are required for your infrastructure. All Terraform commands
should now work.

If you ever set or change modules or backend configuration for Terraform,
rerun this command to reinitialize your working directory. If you forget, other
commands will detect it and remind you to do so if necessary.[0m
[31m╷[0m[0m
[31m│[0m [0m[1m[31mError: [0m[0m[1mInvalid resource type[0m
[31m│[0m [0m
[31m│[0m [0m[0m  on main.tf line 15, in resource "aws_sagemaker_notebook_instance_lifecycle_config" "lc_config":
[31m│[0m [0m  15: resource [4m"aws_sagemaker_notebook_instance_lifecycle_config"[0m "lc_config" {[0m
[31m│[0m [0m
[31m│[0m [0mThe provider hashicorp/aws does not support resource type
[31m│[0m [0m"aws_sagemaker_notebook_instance_lifecycle_config".
[31m╵[0m[0m
[31m╷[0m[0m
[31m│[0m [0m[1m[31mError: [0m[0m[1mInvalid resource type[0m
[31m│[0m [0m
[31m│[0m [0m[0m  on main.tf line 15, in resource "aws_sagemaker_notebook_instance_lifecycle_config" "lc_config":
[31m│[0m [0m  15: resource [4m"aws_sagemaker_notebook_instance_lifecycle_config"[0m "lc_config" {[0m
[31m│[0m [0m
[31m│[0m [0mThe provider hashicorp/aws does not support resource type
[31m│[0m [0m"aws_sagemaker_notebook_instance_lifecycle_config".
[31m╵[0m[0m
[2024-10-29 09:43:37] ❌ ERROR: ❌ Terraform apply failed.
[2024-10-29 09:43:56] 📋 Starting SageMaker setup...
[2024-10-29 09:43:56] 🔍 Checking for required tools...
[2024-10-29 09:43:56] ✅ All required tools are installed.
[2024-10-29 09:43:56] 📄 Loading configuration...
[2024-10-29 09:43:56] ✅ Configuration loaded successfully.
Enter AWS profile [default]: Enter AWS profile [default]: Enter AWS region [eu-west-1]: Enter AWS region [eu-west-1]: Enter SageMaker instance type [ml.t3.large]: Enter SageMaker instance type [ml.t3.large]: Enter Timezone [UTC]: Enter Timezone [UTC]: Enter start hour (24h format) [8]: Enter start hour (24h format) [8]: Enter start minute [0]: Enter start minute [0]: Enter end hour (24h format) [19]: Enter end hour (24h format) [19]: Enter end minute [30]: Enter end minute [30]: Enter idle time in seconds [5400]: Enter idle time in seconds [5400]: [2024-10-29 09:44:20] 🔧 Using AWS profile: saml, region: eu-west-1, instance type: ml.t3.large
[2024-10-29 09:44:20] 🔑 Validating AWS credentials...
[2024-10-29 09:44:22] ✅ AWS credentials validated successfully.
[2024-10-29 09:44:22] 🔍 Finding available VPC and Subnet...
[2024-10-29 09:44:25] ✅ Found VPC: vpc-01aebffd925a88f9c, Subnet: subnet-0816ae818f15e80c5
[2024-10-29 09:44:25] 📄 Saving Terraform configuration...
[2024-10-29 09:44:25] ✅ Terraform configuration saved to /Users/vincent/Work/sagemaker_setup/terraform/terraform.tfvars
[2024-10-29 09:44:25] 🚀 Initializing and applying Terraform...
[0m[1mInitializing the backend...[0m
[0m[1mInitializing provider plugins...[0m
- Reusing previous version of hashicorp/aws from the dependency lock file
- Using previously-installed hashicorp/aws v5.73.0

[0m[1m[32mTerraform has been successfully initialized![0m[32m[0m
[0m[32m
You may now begin working with Terraform. Try running "terraform plan" to see
any changes that are required for your infrastructure. All Terraform commands
should now work.

If you ever set or change modules or backend configuration for Terraform,
rerun this command to reinitialize your working directory. If you forget, other
commands will detect it and remind you to do so if necessary.[0m
[31m╷[0m[0m
[31m│[0m [0m[1m[31mError: [0m[0m[1mInvalid resource type[0m
[31m│[0m [0m
[31m│[0m [0m[0m  on main.tf line 15, in resource "aws_sagemaker_notebook_instance_lifecycle_config" "lc_config":
[31m│[0m [0m  15: resource [4m"aws_sagemaker_notebook_instance_lifecycle_config"[0m "lc_config" {[0m
[31m│[0m [0m
[31m│[0m [0mThe provider hashicorp/aws does not support resource type
[31m│[0m [0m"aws_sagemaker_notebook_instance_lifecycle_config".
[31m╵[0m[0m
[31m╷[0m[0m
[31m│[0m [0m[1m[31mError: [0m[0m[1mInvalid resource type[0m
[31m│[0m [0m
[31m│[0m [0m[0m  on main.tf line 15, in resource "aws_sagemaker_notebook_instance_lifecycle_config" "lc_config":
[31m│[0m [0m  15: resource [4m"aws_sagemaker_notebook_instance_lifecycle_config"[0m "lc_config" {[0m
[31m│[0m [0m
[31m│[0m [0mThe provider hashicorp/aws does not support resource type
[31m│[0m [0m"aws_sagemaker_notebook_instance_lifecycle_config".
[31m╵[0m[0m
[2024-10-29 09:44:34] ❌ ERROR: ❌ Terraform apply failed.
[2024-10-29 09:45:28] 📋 Starting SageMaker setup...
[2024-10-29 09:45:28] 🔍 Checking for required tools...
[2024-10-29 09:45:28] ✅ All required tools are installed.
[2024-10-29 09:45:28] 📄 Loading configuration...
[2024-10-29 09:45:28] ✅ Configuration loaded successfully.
Enter AWS profile [default]: Enter AWS profile [default]: Enter AWS region [eu-west-1]: Enter AWS region [eu-west-1]: Enter SageMaker instance type [ml.t3.large]: Enter SageMaker instance type [ml.t3.large]: Enter Timezone [UTC]: Enter Timezone [UTC]: Enter start hour (24h format) [8]: Enter start hour (24h format) [8]: Enter start minute [0]: Enter start minute [0]: Enter end hour (24h format) [19]: Enter end hour (24h format) [19]: Enter end minute [30]: Enter end minute [30]: Enter idle time in seconds [5400]: Enter idle time in seconds [5400]: [2024-10-29 09:45:39] 🔧 Using AWS profile: saml, region: eu-west-1, instance type: ml.t3.large
[2024-10-29 09:45:39] 🔑 Validating AWS credentials...
[2024-10-29 09:45:40] ✅ AWS credentials validated successfully.
[2024-10-29 09:45:40] 🔍 Finding available VPC and Subnet...
[2024-10-29 09:45:43] ✅ Found VPC: vpc-01aebffd925a88f9c, Subnet: subnet-0816ae818f15e80c5
[2024-10-29 09:45:43] 📄 Saving Terraform configuration...
[2024-10-29 09:45:43] ✅ Terraform configuration saved to /Users/vincent/Work/sagemaker_setup/terraform/terraform.tfvars
[2024-10-29 09:45:43] 🚀 Initializing and applying Terraform...
[0m[1mInitializing the backend...[0m
[0m[1mInitializing provider plugins...[0m
- Reusing previous version of hashicorp/aws from the dependency lock file
- Using previously-installed hashicorp/aws v5.73.0

[0m[1m[32mTerraform has been successfully initialized![0m[32m[0m
[0m[32m
You may now begin working with Terraform. Try running "terraform plan" to see
any changes that are required for your infrastructure. All Terraform commands
should now work.

If you ever set or change modules or backend configuration for Terraform,
rerun this command to reinitialize your working directory. If you forget, other
commands will detect it and remind you to do so if necessary.[0m
[31m╷[0m[0m
[31m│[0m [0m[1m[31mError: [0m[0m[1mReference to undeclared resource[0m
[31m│[0m [0m
[31m│[0m [0m[0m  on main.tf line 11, in resource "aws_sagemaker_notebook_instance" "sagemaker_instance":
[31m│[0m [0m  11:   lifecycle_config_name  = [4maws_sagemaker_notebook_lifecycle_config.lc_config[0m.name[0m
[31m│[0m [0m
[31m│[0m [0mA managed resource "aws_sagemaker_notebook_lifecycle_config" "lc_config"
[31m│[0m [0mhas not been declared in the root module.
[31m╵[0m[0m
[31m╷[0m[0m
[31m│[0m [0m[1m[31mError: [0m[0m[1mReference to undeclared resource[0m
[31m│[0m [0m
[31m│[0m [0m[0m  on main.tf line 11, in resource "aws_sagemaker_notebook_instance" "sagemaker_instance":
[31m│[0m [0m  11:   lifecycle_config_name  = [4maws_sagemaker_notebook_lifecycle_config.lc_config[0m.name[0m
[31m│[0m [0m
[31m│[0m [0mA managed resource "aws_sagemaker_notebook_lifecycle_config" "lc_config"
[31m│[0m [0mhas not been declared in the root module.
[31m╵[0m[0m
[31m╷[0m[0m
[31m│[0m [0m[1m[31mError: [0m[0m[1mUnsupported block type[0m
[31m│[0m [0m
[31m│[0m [0m[0m  on main.tf line 18, in resource "aws_sagemaker_notebook_instance_lifecycle_configuration" "lc_config":
[31m│[0m [0m  18:   [4mon_create[0m {[0m
[31m│[0m [0m
[31m│[0m [0mBlocks of type "on_create" are not expected here. Did you mean to define
[31m│[0m [0margument "on_create"? If so, use the equals sign to assign it a value.
[31m╵[0m[0m
[31m╷[0m[0m
[31m│[0m [0m[1m[31mError: [0m[0m[1mUnsupported block type[0m
[31m│[0m [0m
[31m│[0m [0m[0m  on main.tf line 18, in resource "aws_sagemaker_notebook_instance_lifecycle_configuration" "lc_config":
[31m│[0m [0m  18:   [4mon_create[0m {[0m
[31m│[0m [0m
[31m│[0m [0mBlocks of type "on_create" are not expected here. Did you mean to define
[31m│[0m [0margument "on_create"? If so, use the equals sign to assign it a value.
[31m╵[0m[0m
[31m╷[0m[0m
[31m│[0m [0m[1m[31mError: [0m[0m[1mUnsupported block type[0m
[31m│[0m [0m
[31m│[0m [0m[0m  on main.tf line 22, in resource "aws_sagemaker_notebook_instance_lifecycle_configuration" "lc_config":
[31m│[0m [0m  22:   [4mon_start[0m {[0m
[31m│[0m [0m
[31m│[0m [0mBlocks of type "on_start" are not expected here. Did you mean to define
[31m│[0m [0margument "on_start"? If so, use the equals sign to assign it a value.
[31m╵[0m[0m
[31m╷[0m[0m
[31m│[0m [0m[1m[31mError: [0m[0m[1mUnsupported block type[0m
[31m│[0m [0m
[31m│[0m [0m[0m  on main.tf line 22, in resource "aws_sagemaker_notebook_instance_lifecycle_configuration" "lc_config":
[31m│[0m [0m  22:   [4mon_start[0m {[0m
[31m│[0m [0m
[31m│[0m [0mBlocks of type "on_start" are not expected here. Did you mean to define
[31m│[0m [0margument "on_start"? If so, use the equals sign to assign it a value.
[31m╵[0m[0m
[2024-10-29 09:45:53] ❌ ERROR: ❌ Terraform apply failed.
